

Started GET "/users" for 127.0.0.1 at 2017-09-24 22:52:01 +0700
  [1m[36mActiveRecord::SchemaMigration Load (0.5ms)[0m  [1mSELECT `schema_migrations`.* FROM `schema_migrations`[0m

ActiveRecord::PendingMigrationError (

Migrations are pending. To resolve this issue, run:

	bin/rake db:migrate RAILS_ENV=development

):
  activerecord (4.2.6) lib/active_record/migration.rb:392:in `check_pending!'
  activerecord (4.2.6) lib/active_record/migration.rb:373:in `call'
  /usr/lib/ruby/vendor_ruby/action_dispatch/middleware/callbacks.rb:29:in `block in call'
  /usr/lib/ruby/vendor_ruby/active_support/callbacks.rb:88:in `__run_callbacks__'
  /usr/lib/ruby/vendor_ruby/active_support/callbacks.rb:778:in `_run_call_callbacks'
  /usr/lib/ruby/vendor_ruby/active_support/callbacks.rb:81:in `run_callbacks'
  /usr/lib/ruby/vendor_ruby/action_dispatch/middleware/callbacks.rb:27:in `call'
  /usr/lib/ruby/vendor_ruby/action_dispatch/middleware/reloader.rb:73:in `call'
  /usr/lib/ruby/vendor_ruby/action_dispatch/middleware/remote_ip.rb:78:in `call'
  /usr/lib/ruby/vendor_ruby/action_dispatch/middleware/debug_exceptions.rb:17:in `call'
  web-console (2.3.0) lib/web_console/middleware.rb:28:in `block in call'
  web-console (2.3.0) lib/web_console/middleware.rb:18:in `catch'
  web-console (2.3.0) lib/web_console/middleware.rb:18:in `call'
  /usr/lib/ruby/vendor_ruby/action_dispatch/middleware/show_exceptions.rb:30:in `call'
  /usr/lib/ruby/vendor_ruby/rails/rack/logger.rb:38:in `call_app'
  /usr/lib/ruby/vendor_ruby/rails/rack/logger.rb:20:in `block in call'
  /usr/lib/ruby/vendor_ruby/active_support/tagged_logging.rb:68:in `block in tagged'
  /usr/lib/ruby/vendor_ruby/active_support/tagged_logging.rb:26:in `tagged'
  /usr/lib/ruby/vendor_ruby/active_support/tagged_logging.rb:68:in `tagged'
  /usr/lib/ruby/vendor_ruby/rails/rack/logger.rb:20:in `call'
  /usr/lib/ruby/vendor_ruby/action_dispatch/middleware/request_id.rb:21:in `call'
  rack (1.6.8) lib/rack/methodoverride.rb:22:in `call'
  rack (1.6.8) lib/rack/runtime.rb:18:in `call'
  /usr/lib/ruby/vendor_ruby/active_support/cache/strategy/local_cache_middleware.rb:28:in `call'
  rack (1.6.8) lib/rack/lock.rb:17:in `call'
  /usr/lib/ruby/vendor_ruby/action_dispatch/middleware/static.rb:120:in `call'
  rack (1.6.8) lib/rack/sendfile.rb:113:in `call'
  /usr/lib/ruby/vendor_ruby/rails/engine.rb:518:in `call'
  /usr/lib/ruby/vendor_ruby/rails/application.rb:165:in `call'
  rack (1.6.8) lib/rack/lock.rb:17:in `call'
  rack (1.6.8) lib/rack/content_length.rb:15:in `call'
  rack (1.6.8) lib/rack/handler/webrick.rb:88:in `service'
  /usr/lib/ruby/2.3.0/webrick/httpserver.rb:140:in `service'
  /usr/lib/ruby/2.3.0/webrick/httpserver.rb:96:in `run'
  /usr/lib/ruby/2.3.0/webrick/server.rb:296:in `block in start_thread'


  Rendered /usr/lib/ruby/vendor_ruby/action_dispatch/middleware/templates/rescues/_source.erb (5.8ms)
  Rendered /usr/lib/ruby/vendor_ruby/action_dispatch/middleware/templates/rescues/_trace.html.erb (3.1ms)
  Rendered /usr/lib/ruby/vendor_ruby/action_dispatch/middleware/templates/rescues/_request_and_response.html.erb (1.9ms)
  Rendered /usr/lib/ruby/vendor_ruby/action_dispatch/middleware/templates/rescues/diagnostics.html.erb within rescues/layout (44.3ms)
  Rendered /var/lib/gems/2.3.0/gems/web-console-2.3.0/lib/web_console/templates/_markup.html.erb (1.1ms)
  Rendered /var/lib/gems/2.3.0/gems/web-console-2.3.0/lib/web_console/templates/_inner_console_markup.html.erb within layouts/inlined_string (0.7ms)
  Rendered /var/lib/gems/2.3.0/gems/web-console-2.3.0/lib/web_console/templates/_prompt_box_markup.html.erb within layouts/inlined_string (0.7ms)
  Rendered /var/lib/gems/2.3.0/gems/web-console-2.3.0/lib/web_console/templates/style.css.erb within layouts/inlined_string (1.0ms)
  Rendered /var/lib/gems/2.3.0/gems/web-console-2.3.0/lib/web_console/templates/console.js.erb within layouts/javascript (39.1ms)
  Rendered /var/lib/gems/2.3.0/gems/web-console-2.3.0/lib/web_console/templates/main.js.erb within layouts/javascript (0.6ms)
  Rendered /var/lib/gems/2.3.0/gems/web-console-2.3.0/lib/web_console/templates/error_page.js.erb within layouts/javascript (0.8ms)
  Rendered /var/lib/gems/2.3.0/gems/web-console-2.3.0/lib/web_console/templates/index.html.erb (71.7ms)
  [1m[36mActiveRecord::SchemaMigration Load (0.4ms)[0m  [1mSELECT `schema_migrations`.* FROM `schema_migrations`[0m
Migrating to CreateUsers (20170924155138)
  [1m[35m (1.1ms)[0m  CREATE TABLE `users` (`id` int(11) auto_increment PRIMARY KEY, `tokenid` varchar(255), `username` varchar(255), `password` varchar(255), `email` varchar(255), `phone_no` varchar(255), `created_at` datetime NOT NULL, `updated_at` datetime NOT NULL) ENGINE=InnoDB
  [1m[36m (312.2ms)[0m  [1mCREATE TABLE `schema_migrations` (`version` varchar(255) NOT NULL) ENGINE=InnoDB[0m
  [1m[35m (410.0ms)[0m  CREATE UNIQUE INDEX `unique_schema_migrations`  ON `schema_migrations` (`version`) 
  [1m[36mActiveRecord::SchemaMigration Load (0.7ms)[0m  [1mSELECT `schema_migrations`.* FROM `schema_migrations`[0m
Migrating to CreateUsers (20170924155138)
  [1m[35m (251.4ms)[0m  CREATE TABLE `users` (`id` int(11) auto_increment PRIMARY KEY, `tokenid` varchar(255), `username` varchar(255), `password` varchar(255), `email` varchar(255), `phone_no` varchar(255), `created_at` datetime NOT NULL, `updated_at` datetime NOT NULL) ENGINE=InnoDB
  [1m[36m (0.4ms)[0m  [1mBEGIN[0m
  [1m[35mSQL (0.5ms)[0m  INSERT INTO `schema_migrations` (`version`) VALUES ('20170924155138')
  [1m[36m (30.7ms)[0m  [1mCOMMIT[0m
  [1m[35mActiveRecord::SchemaMigration Load (0.9ms)[0m  SELECT `schema_migrations`.* FROM `schema_migrations`
  [1m[36m (0.5ms)[0m  [1mSELECT fk.referenced_table_name as 'to_table'
      ,fk.referenced_column_name as 'primary_key'
      ,fk.column_name as 'column'
      ,fk.constraint_name as 'name'
FROM information_schema.key_column_usage fk
WHERE fk.referenced_column_name is not null
  AND fk.table_schema = 'crud_api'
  AND fk.table_name = 'users'
[0m
  [1m[35m (0.3ms)[0m  SHOW CREATE TABLE `users`


Started GET "/users" for 127.0.0.1 at 2017-09-24 22:53:38 +0700
  [1m[36mActiveRecord::SchemaMigration Load (1.6ms)[0m  [1mSELECT `schema_migrations`.* FROM `schema_migrations`[0m
Processing by UsersController#index as HTML
  [1m[35mUser Load (0.5ms)[0m  SELECT `users`.* FROM `users`
  Rendered users/index.html.erb within layouts/application (7.4ms)
Completed 200 OK in 1579ms (Views: 1556.6ms | ActiveRecord: 2.0ms)


Started GET "/assets/scaffolds.self-9190340580bcec062c541a9ced23ff3b4c672e68bda6d7572fdee0d86655aa98.css?body=1" for 127.0.0.1 at 2017-09-24 22:53:40 +0700


Started GET "/assets/application.self-3b8dabdc891efe46b9a144b400ad69e37d7e5876bdc39dee783419a69d7ca819.js?body=1" for 127.0.0.1 at 2017-09-24 22:53:40 +0700


Started GET "/users/new" for 127.0.0.1 at 2017-09-24 22:53:42 +0700
Processing by UsersController#new as HTML
  Rendered users/_form.html.erb (57.7ms)
  Rendered users/new.html.erb within layouts/application (67.9ms)
Completed 200 OK in 122ms (Views: 103.5ms | ActiveRecord: 1.2ms)


Started POST "/users" for 127.0.0.1 at 2017-09-24 22:53:59 +0700
Processing by UsersController#create as HTML
  Parameters: {"utf8"=>"✓", "authenticity_token"=>"YYNG4Z9glm0vA+PGXmPSKZiNlo3QS8mXzCX8qNs0TEpw+vO8ny4gVx9OgwJNblqWtdz1j9afZU4/kk4WW2AOcA==", "user"=>{"tokenid"=>"1", "username"=>"agus", "password"=>"[FILTERED]", "email"=>"agus@mail.com", "phone_no"=>"1245678"}, "commit"=>"Create User"}
  [1m[36m (1.4ms)[0m  [1mBEGIN[0m
  [1m[35mSQL (0.6ms)[0m  INSERT INTO `users` (`tokenid`, `username`, `password`, `email`, `phone_no`, `created_at`, `updated_at`) VALUES ('1', 'agus', 'agus', 'agus@mail.com', '1245678', '2017-09-24 15:53:59', '2017-09-24 15:53:59')
  [1m[36m (71.7ms)[0m  [1mCOMMIT[0m
Redirected to http://localhost:3000/users/1
Completed 302 Found in 91ms (ActiveRecord: 73.7ms)


Started GET "/users/1" for 127.0.0.1 at 2017-09-24 22:53:59 +0700
Processing by UsersController#show as HTML
  Parameters: {"id"=>"1"}
  [1m[35mUser Load (2.3ms)[0m  SELECT  `users`.* FROM `users` WHERE `users`.`id` = 1 LIMIT 1
  Rendered users/show.html.erb within layouts/application (2.1ms)
Completed 200 OK in 57ms (Views: 37.4ms | ActiveRecord: 2.3ms)


Started GET "/users" for 127.0.0.1 at 2017-09-24 22:54:02 +0700
Processing by UsersController#index as HTML
  [1m[36mUser Load (0.7ms)[0m  [1mSELECT `users`.* FROM `users`[0m
  Rendered users/index.html.erb within layouts/application (6.3ms)
Completed 200 OK in 54ms (Views: 51.9ms | ActiveRecord: 0.7ms)


Started GET "/users" for 127.0.0.1 at 2017-09-24 23:17:49 +0700
  [1m[36mActiveRecord::SchemaMigration Load (0.6ms)[0m  [1mSELECT `schema_migrations`.* FROM `schema_migrations`[0m
Processing by UsersController#index as HTML
  [1m[35mUser Load (0.5ms)[0m  SELECT `users`.* FROM `users`
  Rendered users/index.html.erb within layouts/application (20.6ms)
Completed 200 OK in 530ms (Views: 507.6ms | ActiveRecord: 2.9ms)


Started GET "/users" for 127.0.0.1 at 2017-09-24 23:23:28 +0700
Processing by UsersController#index as HTML
  [1m[36mUser Load (0.8ms)[0m  [1mSELECT `users`.* FROM `users`[0m
Completed 200 OK in 19ms (Views: 11.2ms | ActiveRecord: 3.7ms)
  [1m[36mActiveRecord::SchemaMigration Load (1.0ms)[0m  [1mSELECT `schema_migrations`.* FROM `schema_migrations`[0m
Migrating to CreatePosts (20170925122546)
  [1m[35m (283.5ms)[0m  CREATE TABLE `posts` (`id` int(11) auto_increment PRIMARY KEY, `description` text, `user_id` int(11), `created_at` datetime NOT NULL, `updated_at` datetime NOT NULL) ENGINE=InnoDB
  [1m[36m (0.3ms)[0m  [1mBEGIN[0m
  [1m[35mSQL (0.4ms)[0m  INSERT INTO `schema_migrations` (`version`) VALUES ('20170925122546')
  [1m[36m (39.3ms)[0m  [1mCOMMIT[0m
  [1m[35mActiveRecord::SchemaMigration Load (0.4ms)[0m  SELECT `schema_migrations`.* FROM `schema_migrations`
  [1m[36m (0.3ms)[0m  [1mSELECT fk.referenced_table_name as 'to_table'
      ,fk.referenced_column_name as 'primary_key'
      ,fk.column_name as 'column'
      ,fk.constraint_name as 'name'
FROM information_schema.key_column_usage fk
WHERE fk.referenced_column_name is not null
  AND fk.table_schema = 'crud_api'
  AND fk.table_name = 'posts'
[0m
  [1m[35m (0.2ms)[0m  SHOW CREATE TABLE `posts`
  [1m[36m (0.3ms)[0m  [1mSELECT fk.referenced_table_name as 'to_table'
      ,fk.referenced_column_name as 'primary_key'
      ,fk.column_name as 'column'
      ,fk.constraint_name as 'name'
FROM information_schema.key_column_usage fk
WHERE fk.referenced_column_name is not null
  AND fk.table_schema = 'crud_api'
  AND fk.table_name = 'users'
[0m
  [1m[35m (0.2ms)[0m  SHOW CREATE TABLE `users`


Started GET "/api/v1/users/request_token" for 127.0.0.1 at 2017-09-25 19:37:10 +0700
  [1m[36mActiveRecord::SchemaMigration Load (0.4ms)[0m  [1mSELECT `schema_migrations`.* FROM `schema_migrations`[0m
Processing by Api::V1::UsersController#request_token as HTML
  [1m[35mUser Load (1.5ms)[0m  SELECT  `users`.* FROM `users` WHERE (email = NULL AND password = NULL)  ORDER BY `users`.`id` ASC LIMIT 1
Completed 200 OK in 45ms (Views: 0.5ms | ActiveRecord: 4.1ms)


Started GET "/api/v1/users/request_token?email=agus@mail.com&password=[FILTERED]" for 127.0.0.1 at 2017-09-25 19:38:30 +0700
Processing by Api::V1::UsersController#request_token as HTML
  Parameters: {"email"=>"agus@mail.com", "password"=>"[FILTERED]"}
  [1m[36mUser Load (0.7ms)[0m  [1mSELECT  `users`.* FROM `users` WHERE (email = 'agus@mail.com' AND password = 'agus')  ORDER BY `users`.`id` ASC LIMIT 1[0m
Completed 200 OK in 23ms (Views: 0.5ms | ActiveRecord: 0.7ms)


Started GET "/api/v1/posts" for 127.0.0.1 at 2017-09-25 19:40:22 +0700
Processing by Api::V1::PostsController#index as HTML
Filter chain halted as :verify_token rendered or redirected
Completed 200 OK in 1ms (Views: 0.3ms | ActiveRecord: 0.0ms)


Started GET "/api/v1/users/request_token" for 127.0.0.1 at 2017-09-25 19:40:49 +0700
Processing by Api::V1::UsersController#request_token as HTML
  [1m[35mUser Load (0.7ms)[0m  SELECT  `users`.* FROM `users` WHERE (email = NULL AND password = NULL)  ORDER BY `users`.`id` ASC LIMIT 1
Completed 200 OK in 12ms (Views: 0.4ms | ActiveRecord: 2.9ms)


Started GET "/api/v1/posts?token=1&description=Building%20and%20Documenting%20REST%20api%20in%20Rails" for 127.0.0.1 at 2017-09-25 19:41:22 +0700
Processing by Api::V1::PostsController#index as HTML
  Parameters: {"token"=>"1", "description"=>"Building and Documenting REST api in Rails"}
  [1m[36mUser Load (0.7ms)[0m  [1mSELECT  `users`.* FROM `users` WHERE (tokenid = '1')  ORDER BY `users`.`id` ASC LIMIT 1[0m
  [1m[35mPost Load (0.7ms)[0m  SELECT `posts`.* FROM `posts`
Completed 200 OK in 31ms (Views: 3.1ms | ActiveRecord: 2.5ms)


Started GET "/api/v1/posts?token=1&description=Building%20and%20Documenting%20REST%20api%20in%20Rails" for 127.0.0.1 at 2017-09-25 19:42:31 +0700
Processing by Api::V1::PostsController#index as HTML
  Parameters: {"token"=>"1", "description"=>"Building and Documenting REST api in Rails"}
  [1m[36mUser Load (0.6ms)[0m  [1mSELECT  `users`.* FROM `users` WHERE (tokenid = '1')  ORDER BY `users`.`id` ASC LIMIT 1[0m
  [1m[35mPost Load (1.2ms)[0m  SELECT `posts`.* FROM `posts`
Completed 200 OK in 23ms (Views: 15.8ms | ActiveRecord: 2.8ms)
